[2021-07-20][11:59:39][rocket::launch][WARN] 🔧 Configured for debug.
[2021-07-20][11:59:39][rocket::launch_][WARN] address: [1;49;39m0.0.0.0[0m
[2021-07-20][11:59:39][rocket::launch_][WARN] port: [1;49;39m8000[0m
[2021-07-20][11:59:39][rocket::launch_][WARN] workers: [1;49;39m12[0m
[2021-07-20][11:59:39][rocket::launch_][WARN] ident: [1;49;39mRocket[0m
[2021-07-20][11:59:39][rocket::launch_][WARN] keep-alive: [1;49;39m5s[0m
[2021-07-20][11:59:39][rocket::launch_][WARN] limits: [1;49;39mbytes = 8KiB, data-form = 2MiB, file = 1MiB, form = 32KiB, json = 1MiB, msgpack = 1MiB, string = 8KiB[0m
[2021-07-20][11:59:39][rocket::launch_][WARN] tls: [1;49;39mdisabled[0m
[2021-07-20][11:59:39][rocket::launch_][WARN] temp dir: [1;49;39m/tmp[0m
[2021-07-20][11:59:39][rocket::launch_][WARN] log level: [1;49;39mnormal[0m
[2021-07-20][11:59:39][rocket::launch_][WARN] cli colors: [1;49;39mtrue[0m
[2021-07-20][11:59:39][rocket::launch_][WARN] shutdown: [1;49;39mctrlc = true, force = true, signals = [SIGTERM], grace = 2s, mercy = 3s[0m
[2021-07-20][11:59:39][rocket::launch][WARN] 🛰  [35mRoutes[0m:
[2021-07-20][11:59:39][rocket::launch_][WARN] [36m([0m[37mlogin[0m[36m)[0m [32mPOST[0m [4;34m/api/user[0m[34m/login[0m
[2021-07-20][11:59:39][rocket::launch_][WARN] [36m([0m[37mlogout[0m[36m)[0m [32mGET[0m [4;34m/api/user[0m[34m/logout[0m
[2021-07-20][11:59:39][rocket::launch_][WARN] [36m([0m[37mregister[0m[36m)[0m [32mPOST[0m [4;34m/api/user[0m[34m/register[0m
[2021-07-20][11:59:39][rocket::launch_][WARN] [36m([0m[37mremove_user[0m[36m)[0m [32mPOST[0m [4;34m/api/user[0m[34m/remove_user[0m
[2021-07-20][11:59:39][rocket::launch_][WARN] [36m([0m[37mverify_login[0m[36m)[0m [32mGET[0m [4;34m/api/user[0m[34m/verify_login[0m
[2021-07-20][11:59:39][rocket::launch_][WARN] [36m([0m[37mchange_password[0m[36m)[0m [32mPOST[0m [4;34m/api/user[0m[34m/change_password[0m
[2021-07-20][11:59:39][rocket::launch_][WARN] [36m([0m[37mchange_user_role[0m[36m)[0m [32mPOST[0m [4;34m/api/user[0m[34m/change_user_role[0m
[2021-07-20][11:59:39][rocket::launch_][WARN] [36m([0m[37mget_all_users[0m[36m)[0m [32mGET[0m [4;34m/api/user[0m[34m/get_all_users/<page>[0m
[2021-07-20][11:59:39][rocket::launch_][WARN] [36m([0m[37mget_users[0m[36m)[0m [32mGET[0m [4;34m/api/user[0m[34m/get_users/<page>/<filter>[0m
[2021-07-20][11:59:39][rocket::launch_][WARN] [36m([0m[37mupload_report[0m[36m)[0m [32mPOST[0m [4;34m/api/report[0m[34m/upload_report[0m
[2021-07-20][11:59:39][rocket::launch_][WARN] [36m([0m[37minit_product[0m[36m)[0m [32mPOST[0m [4;34m/api/product[0m[34m/init_product[0m
[2021-07-20][11:59:39][rocket::launch_][WARN] [36m([0m[37mget_filtered_products[0m[36m)[0m [32mGET[0m [4;34m/api/product[0m[34m/get_products/<page>[0m
[2021-07-20][11:59:39][rocket::launch_][WARN] [36m([0m[37mget_profile[0m[36m)[0m [32mGET[0m [4;34m/api/profile[0m[34m/get_profile/<profile_id>[0m
[2021-07-20][11:59:39][rocket::launch_][WARN] [36m([0m[37msubmit_profile[0m[36m)[0m [32mPOST[0m [4;34m/api/profile[0m[34m/submit_profile/<product_barcode>[0m
[2021-07-20][11:59:39][rocket::launch_][WARN] [36m([0m[37mget_product_digest[0m[36m)[0m [32mGET[0m [4;34m/api/product[0m[34m/get_product_digest/<product_barcode>[0m
[2021-07-20][11:59:39][rocket::launch_][WARN] [36m([0m[37mget_products[0m[36m)[0m [32mGET[0m [4;34m/api/product[0m[34m/get_products/<page>/<filter>[0m
[2021-07-20][11:59:39][rocket::launch][WARN] 👾 [35mCatchers[0m:
[2021-07-20][11:59:39][rocket::launch_][WARN] [36m([0m[37mdefault_error_catcher[0m[36m)[0m [32m/api[0m [34mdefault[0m
[2021-07-20][11:59:39][rocket::launch][WARN] 📡 [35mFairings[0m:
[2021-07-20][11:59:39][rocket::launch_][WARN] [1;49;39mShield[0m ([1;34mliftoff, response, singleton[0m)
[2021-07-20][11:59:39][rocket::launch_][WARN] [1;49;39mCORS policy specifier[0m ([1;34mresponse[0m)
[2021-07-20][11:59:39][rocket::launch_][WARN] [1;49;39m'med_kit' Database Pool[0m ([1;34mignite[0m)
[2021-07-20][11:59:39][rocket::shield::shield][INFO] 🛡️ [35mShield[0m:
[2021-07-20][11:59:39][_][INFO] X-Content-Type-Options: [49;39mnosniff[0m
[2021-07-20][11:59:39][_][INFO] Permissions-Policy: [49;39minterest-cohort=()[0m
[2021-07-20][11:59:39][_][INFO] X-Frame-Options: [49;39mSAMEORIGIN[0m
[2021-07-20][11:59:39][rocket::launch][WARN] 🚀 [1;49;39mRocket has launched from[0m [1;4;49;39mhttp://0.0.0.0:8000[0m
[2021-07-20][11:59:55][rocket::server][INFO] [32mPOST[0m [34m/api/report/upload_report[0m [33mapplication[0m[33m/[0m[33mx-www-form-urlencoded[0m:
[2021-07-20][11:59:55][_][INFO] Matched: [36m([0m[37mupload_report[0m[36m)[0m [32mPOST[0m [4;34m/api/report[0m[34m/upload_report[0m
[2021-07-20][11:59:55][med_kit::auxiliary::responses][INFO] DieselError(DatabaseError(__Unknown, "null value in column \"user_id\" of relation \"reports\" violates not-null constraint"))
[2021-07-20][11:59:55][_][INFO] [1;49;39mOutcome:[0m [49;32mSuccess[0m
[2021-07-20][11:59:55][_][INFO] [32mResponse succeeded.[0m
[2021-07-20][12:00:32][rocket::server][INFO] [32mPOST[0m [34m/api/report/upload_report[0m [33mapplication[0m[33m/[0m[33mx-www-form-urlencoded[0m:
[2021-07-20][12:00:32][_][INFO] Matched: [36m([0m[37mupload_report[0m[36m)[0m [32mPOST[0m [4;34m/api/report[0m[34m/upload_report[0m
[2021-07-20][12:00:32][_][WARN] `StaffAuth` request guard failed: AuthError.
[2021-07-20][12:00:32][_][INFO] [1;49;39mOutcome:[0m [49;31mFailure[0m
[2021-07-20][12:00:32][_][WARN] Responding with registered [36m([0m[37mdefault_error_catcher[0m[36m)[0m [32m/api[0m [34mdefault[0m catcher.
[2021-07-20][12:00:32][_][INFO] [32mResponse succeeded.[0m
[2021-07-20][12:00:55][rocket::server][INFO] [32mPOST[0m [34m/api/user/login[0m [33mapplication[0m[33m/[0m[33mx-www-form-urlencoded[0m:
[2021-07-20][12:00:55][_][INFO] Matched: [36m([0m[37mlogin[0m[36m)[0m [32mPOST[0m [4;34m/api/user[0m[34m/login[0m
[2021-07-20][12:00:55][_][INFO] [1;49;39mOutcome:[0m [49;32mSuccess[0m
[2021-07-20][12:00:55][_][INFO] [32mResponse succeeded.[0m
[2021-07-20][12:01:01][rocket::server][INFO] [32mPOST[0m [34m/api/report/upload_report[0m [33mapplication[0m[33m/[0m[33mx-www-form-urlencoded[0m:
[2021-07-20][12:01:01][_][INFO] Matched: [36m([0m[37mupload_report[0m[36m)[0m [32mPOST[0m [4;34m/api/report[0m[34m/upload_report[0m
[2021-07-20][12:01:01][_][WARN] `StaffAuth` request guard failed: AuthError.
[2021-07-20][12:01:01][_][INFO] [1;49;39mOutcome:[0m [49;31mFailure[0m
[2021-07-20][12:01:01][_][WARN] Responding with registered [36m([0m[37mdefault_error_catcher[0m[36m)[0m [32m/api[0m [34mdefault[0m catcher.
[2021-07-20][12:01:01][_][INFO] [32mResponse succeeded.[0m
[2021-07-20][12:02:58][rocket::server][WARN] Received SIGINT. Requesting shutdown.
[2021-07-20][12:02:58][rocket::server][INFO] Received shutdown request. Waiting for pending I/O...
[2021-07-20][12:03:07][rocket::launch][WARN] 🔧 Configured for debug.
[2021-07-20][12:03:07][rocket::launch_][WARN] address: [1;49;39m0.0.0.0[0m
[2021-07-20][12:03:07][rocket::launch_][WARN] port: [1;49;39m8000[0m
[2021-07-20][12:03:07][rocket::launch_][WARN] workers: [1;49;39m12[0m
[2021-07-20][12:03:07][rocket::launch_][WARN] ident: [1;49;39mRocket[0m
[2021-07-20][12:03:07][rocket::launch_][WARN] keep-alive: [1;49;39m5s[0m
[2021-07-20][12:03:07][rocket::launch_][WARN] limits: [1;49;39mbytes = 8KiB, data-form = 2MiB, file = 1MiB, form = 32KiB, json = 1MiB, msgpack = 1MiB, string = 8KiB[0m
[2021-07-20][12:03:07][rocket::launch_][WARN] tls: [1;49;39mdisabled[0m
[2021-07-20][12:03:07][rocket::launch_][WARN] temp dir: [1;49;39m/tmp[0m
[2021-07-20][12:03:07][rocket::launch_][WARN] log level: [1;49;39mnormal[0m
[2021-07-20][12:03:07][rocket::launch_][WARN] cli colors: [1;49;39mtrue[0m
[2021-07-20][12:03:07][rocket::launch_][WARN] shutdown: [1;49;39mctrlc = true, force = true, signals = [SIGTERM], grace = 2s, mercy = 3s[0m
[2021-07-20][12:03:07][rocket::launch][WARN] 🛰  [35mRoutes[0m:
[2021-07-20][12:03:07][rocket::launch_][WARN] [36m([0m[37mlogin[0m[36m)[0m [32mPOST[0m [4;34m/api/user[0m[34m/login[0m
[2021-07-20][12:03:07][rocket::launch_][WARN] [36m([0m[37mlogout[0m[36m)[0m [32mGET[0m [4;34m/api/user[0m[34m/logout[0m
[2021-07-20][12:03:07][rocket::launch_][WARN] [36m([0m[37mregister[0m[36m)[0m [32mPOST[0m [4;34m/api/user[0m[34m/register[0m
[2021-07-20][12:03:07][rocket::launch_][WARN] [36m([0m[37mremove_user[0m[36m)[0m [32mPOST[0m [4;34m/api/user[0m[34m/remove_user[0m
[2021-07-20][12:03:07][rocket::launch_][WARN] [36m([0m[37mverify_login[0m[36m)[0m [32mGET[0m [4;34m/api/user[0m[34m/verify_login[0m
[2021-07-20][12:03:07][rocket::launch_][WARN] [36m([0m[37mchange_password[0m[36m)[0m [32mPOST[0m [4;34m/api/user[0m[34m/change_password[0m
[2021-07-20][12:03:07][rocket::launch_][WARN] [36m([0m[37mchange_user_role[0m[36m)[0m [32mPOST[0m [4;34m/api/user[0m[34m/change_user_role[0m
[2021-07-20][12:03:07][rocket::launch_][WARN] [36m([0m[37mget_all_users[0m[36m)[0m [32mGET[0m [4;34m/api/user[0m[34m/get_all_users/<page>[0m
[2021-07-20][12:03:07][rocket::launch_][WARN] [36m([0m[37mget_users[0m[36m)[0m [32mGET[0m [4;34m/api/user[0m[34m/get_users/<page>/<filter>[0m
[2021-07-20][12:03:07][rocket::launch_][WARN] [36m([0m[37mupload_report[0m[36m)[0m [32mPOST[0m [4;34m/api/report[0m[34m/upload_report[0m
[2021-07-20][12:03:07][rocket::launch_][WARN] [36m([0m[37minit_product[0m[36m)[0m [32mPOST[0m [4;34m/api/product[0m[34m/init_product[0m
[2021-07-20][12:03:07][rocket::launch_][WARN] [36m([0m[37mget_filtered_products[0m[36m)[0m [32mGET[0m [4;34m/api/product[0m[34m/get_products/<page>[0m
[2021-07-20][12:03:07][rocket::launch_][WARN] [36m([0m[37mget_profile[0m[36m)[0m [32mGET[0m [4;34m/api/profile[0m[34m/get_profile/<profile_id>[0m
[2021-07-20][12:03:07][rocket::launch_][WARN] [36m([0m[37msubmit_profile[0m[36m)[0m [32mPOST[0m [4;34m/api/profile[0m[34m/submit_profile/<product_barcode>[0m
[2021-07-20][12:03:07][rocket::launch_][WARN] [36m([0m[37mget_product_digest[0m[36m)[0m [32mGET[0m [4;34m/api/product[0m[34m/get_product_digest/<product_barcode>[0m
[2021-07-20][12:03:07][rocket::launch_][WARN] [36m([0m[37mget_products[0m[36m)[0m [32mGET[0m [4;34m/api/product[0m[34m/get_products/<page>/<filter>[0m
[2021-07-20][12:03:07][rocket::launch][WARN] 👾 [35mCatchers[0m:
[2021-07-20][12:03:07][rocket::launch_][WARN] [36m([0m[37mdefault_error_catcher[0m[36m)[0m [32m/api[0m [34mdefault[0m
[2021-07-20][12:03:07][rocket::launch][WARN] 📡 [35mFairings[0m:
[2021-07-20][12:03:07][rocket::launch_][WARN] [1;49;39mShield[0m ([1;34mliftoff, response, singleton[0m)
[2021-07-20][12:03:07][rocket::launch_][WARN] [1;49;39mCORS policy specifier[0m ([1;34mresponse[0m)
[2021-07-20][12:03:07][rocket::launch_][WARN] [1;49;39m'med_kit' Database Pool[0m ([1;34mignite[0m)
[2021-07-20][12:03:07][rocket::shield::shield][INFO] 🛡️ [35mShield[0m:
[2021-07-20][12:03:07][_][INFO] X-Content-Type-Options: [49;39mnosniff[0m
[2021-07-20][12:03:07][_][INFO] X-Frame-Options: [49;39mSAMEORIGIN[0m
[2021-07-20][12:03:07][_][INFO] Permissions-Policy: [49;39minterest-cohort=()[0m
[2021-07-20][12:03:07][rocket::launch][WARN] 🚀 [1;49;39mRocket has launched from[0m [1;4;49;39mhttp://0.0.0.0:8000[0m
[2021-07-20][12:03:14][rocket::server][INFO] [32mPOST[0m [34m/api/report/upload_report[0m [33mapplication[0m[33m/[0m[33mx-www-form-urlencoded[0m:
[2021-07-20][12:03:14][_][INFO] Matched: [36m([0m[37mupload_report[0m[36m)[0m [32mPOST[0m [4;34m/api/report[0m[34m/upload_report[0m
[2021-07-20][12:03:14][_][WARN] `StaffAuth` request guard failed: AuthError.
[2021-07-20][12:03:14][_][INFO] [1;49;39mOutcome:[0m [49;31mFailure[0m
[2021-07-20][12:03:14][_][WARN] Responding with registered [36m([0m[37mdefault_error_catcher[0m[36m)[0m [32m/api[0m [34mdefault[0m catcher.
[2021-07-20][12:03:14][_][INFO] [32mResponse succeeded.[0m
[2021-07-20][12:03:49][rocket::server][WARN] Received SIGINT. Requesting shutdown.
[2021-07-20][12:03:49][rocket::server][INFO] Received shutdown request. Waiting for pending I/O...
[2021-07-20][12:03:59][rocket::launch][WARN] 🔧 Configured for debug.
[2021-07-20][12:03:59][rocket::launch_][WARN] address: [1;49;39m0.0.0.0[0m
[2021-07-20][12:03:59][rocket::launch_][WARN] port: [1;49;39m8000[0m
[2021-07-20][12:03:59][rocket::launch_][WARN] workers: [1;49;39m12[0m
[2021-07-20][12:03:59][rocket::launch_][WARN] ident: [1;49;39mRocket[0m
[2021-07-20][12:03:59][rocket::launch_][WARN] keep-alive: [1;49;39m5s[0m
[2021-07-20][12:03:59][rocket::launch_][WARN] limits: [1;49;39mbytes = 8KiB, data-form = 2MiB, file = 1MiB, form = 32KiB, json = 1MiB, msgpack = 1MiB, string = 8KiB[0m
[2021-07-20][12:03:59][rocket::launch_][WARN] tls: [1;49;39mdisabled[0m
[2021-07-20][12:03:59][rocket::launch_][WARN] temp dir: [1;49;39m/tmp[0m
[2021-07-20][12:03:59][rocket::launch_][WARN] log level: [1;49;39mnormal[0m
[2021-07-20][12:03:59][rocket::launch_][WARN] cli colors: [1;49;39mtrue[0m
[2021-07-20][12:03:59][rocket::launch_][WARN] shutdown: [1;49;39mctrlc = true, force = true, signals = [SIGTERM], grace = 2s, mercy = 3s[0m
[2021-07-20][12:03:59][rocket::launch][WARN] 🛰  [35mRoutes[0m:
[2021-07-20][12:03:59][rocket::launch_][WARN] [36m([0m[37mlogin[0m[36m)[0m [32mPOST[0m [4;34m/api/user[0m[34m/login[0m
[2021-07-20][12:03:59][rocket::launch_][WARN] [36m([0m[37mlogout[0m[36m)[0m [32mGET[0m [4;34m/api/user[0m[34m/logout[0m
[2021-07-20][12:03:59][rocket::launch_][WARN] [36m([0m[37mregister[0m[36m)[0m [32mPOST[0m [4;34m/api/user[0m[34m/register[0m
[2021-07-20][12:03:59][rocket::launch_][WARN] [36m([0m[37mremove_user[0m[36m)[0m [32mPOST[0m [4;34m/api/user[0m[34m/remove_user[0m
[2021-07-20][12:03:59][rocket::launch_][WARN] [36m([0m[37mverify_login[0m[36m)[0m [32mGET[0m [4;34m/api/user[0m[34m/verify_login[0m
[2021-07-20][12:03:59][rocket::launch_][WARN] [36m([0m[37mchange_password[0m[36m)[0m [32mPOST[0m [4;34m/api/user[0m[34m/change_password[0m
[2021-07-20][12:03:59][rocket::launch_][WARN] [36m([0m[37mchange_user_role[0m[36m)[0m [32mPOST[0m [4;34m/api/user[0m[34m/change_user_role[0m
[2021-07-20][12:03:59][rocket::launch_][WARN] [36m([0m[37mget_all_users[0m[36m)[0m [32mGET[0m [4;34m/api/user[0m[34m/get_all_users/<page>[0m
[2021-07-20][12:03:59][rocket::launch_][WARN] [36m([0m[37mget_users[0m[36m)[0m [32mGET[0m [4;34m/api/user[0m[34m/get_users/<page>/<filter>[0m
[2021-07-20][12:03:59][rocket::launch_][WARN] [36m([0m[37mupload_report[0m[36m)[0m [32mPOST[0m [4;34m/api/report[0m[34m/upload_report[0m
[2021-07-20][12:03:59][rocket::launch_][WARN] [36m([0m[37minit_product[0m[36m)[0m [32mPOST[0m [4;34m/api/product[0m[34m/init_product[0m
[2021-07-20][12:03:59][rocket::launch_][WARN] [36m([0m[37mget_filtered_products[0m[36m)[0m [32mGET[0m [4;34m/api/product[0m[34m/get_products/<page>[0m
[2021-07-20][12:03:59][rocket::launch_][WARN] [36m([0m[37mget_profile[0m[36m)[0m [32mGET[0m [4;34m/api/profile[0m[34m/get_profile/<profile_id>[0m
[2021-07-20][12:03:59][rocket::launch_][WARN] [36m([0m[37msubmit_profile[0m[36m)[0m [32mPOST[0m [4;34m/api/profile[0m[34m/submit_profile/<product_barcode>[0m
[2021-07-20][12:03:59][rocket::launch_][WARN] [36m([0m[37mget_product_digest[0m[36m)[0m [32mGET[0m [4;34m/api/product[0m[34m/get_product_digest/<product_barcode>[0m
[2021-07-20][12:03:59][rocket::launch_][WARN] [36m([0m[37mget_products[0m[36m)[0m [32mGET[0m [4;34m/api/product[0m[34m/get_products/<page>/<filter>[0m
[2021-07-20][12:03:59][rocket::launch][WARN] 👾 [35mCatchers[0m:
[2021-07-20][12:03:59][rocket::launch_][WARN] [36m([0m[37mdefault_error_catcher[0m[36m)[0m [32m/api[0m [34mdefault[0m
[2021-07-20][12:03:59][rocket::launch][WARN] 📡 [35mFairings[0m:
[2021-07-20][12:03:59][rocket::launch_][WARN] [1;49;39mShield[0m ([1;34mliftoff, response, singleton[0m)
[2021-07-20][12:03:59][rocket::launch_][WARN] [1;49;39mCORS policy specifier[0m ([1;34mresponse[0m)
[2021-07-20][12:03:59][rocket::launch_][WARN] [1;49;39m'med_kit' Database Pool[0m ([1;34mignite[0m)
[2021-07-20][12:03:59][rocket::shield::shield][INFO] 🛡️ [35mShield[0m:
[2021-07-20][12:03:59][_][INFO] X-Frame-Options: [49;39mSAMEORIGIN[0m
[2021-07-20][12:03:59][_][INFO] Permissions-Policy: [49;39minterest-cohort=()[0m
[2021-07-20][12:03:59][_][INFO] X-Content-Type-Options: [49;39mnosniff[0m
[2021-07-20][12:03:59][rocket::launch][WARN] 🚀 [1;49;39mRocket has launched from[0m [1;4;49;39mhttp://0.0.0.0:8000[0m
[2021-07-20][12:04:00][rocket::server][INFO] [32mPOST[0m [34m/api/report/upload_report[0m [33mapplication[0m[33m/[0m[33mx-www-form-urlencoded[0m:
[2021-07-20][12:04:00][_][INFO] Matched: [36m([0m[37mupload_report[0m[36m)[0m [32mPOST[0m [4;34m/api/report[0m[34m/upload_report[0m
[2021-07-20][12:04:00][_][INFO] [1;49;39mOutcome:[0m [49;32mSuccess[0m
[2021-07-20][12:04:00][_][INFO] [32mResponse succeeded.[0m
[2021-07-20][12:21:43][rocket::server][WARN] Received SIGINT. Requesting shutdown.
[2021-07-20][12:21:43][rocket::server][INFO] Received shutdown request. Waiting for pending I/O...
[2021-07-20][15:49:12][rocket::launch][WARN] 🔧 Configured for debug.
[2021-07-20][15:49:12][rocket::launch_][WARN] address: [1;49;39m0.0.0.0[0m
[2021-07-20][15:49:12][rocket::launch_][WARN] port: [1;49;39m8000[0m
[2021-07-20][15:49:12][rocket::launch_][WARN] workers: [1;49;39m12[0m
[2021-07-20][15:49:12][rocket::launch_][WARN] ident: [1;49;39mRocket[0m
[2021-07-20][15:49:12][rocket::launch_][WARN] keep-alive: [1;49;39m5s[0m
[2021-07-20][15:49:12][rocket::launch_][WARN] limits: [1;49;39mbytes = 8KiB, data-form = 2MiB, file = 1MiB, form = 32KiB, json = 1MiB, msgpack = 1MiB, string = 8KiB[0m
[2021-07-20][15:49:12][rocket::launch_][WARN] tls: [1;49;39mdisabled[0m
[2021-07-20][15:49:12][rocket::launch_][WARN] temp dir: [1;49;39m/tmp[0m
[2021-07-20][15:49:12][rocket::launch_][WARN] log level: [1;49;39mnormal[0m
[2021-07-20][15:49:12][rocket::launch_][WARN] cli colors: [1;49;39mtrue[0m
[2021-07-20][15:49:12][rocket::launch_][WARN] shutdown: [1;49;39mctrlc = true, force = true, signals = [SIGTERM], grace = 2s, mercy = 3s[0m
[2021-07-20][15:49:12][rocket::launch][WARN] 🛰  [35mRoutes[0m:
[2021-07-20][15:49:12][rocket::launch_][WARN] [36m([0m[37mlogin[0m[36m)[0m [32mPOST[0m [4;34m/api/user[0m[34m/login[0m
[2021-07-20][15:49:12][rocket::launch_][WARN] [36m([0m[37mlogout[0m[36m)[0m [32mGET[0m [4;34m/api/user[0m[34m/logout[0m
[2021-07-20][15:49:12][rocket::launch_][WARN] [36m([0m[37mregister[0m[36m)[0m [32mPOST[0m [4;34m/api/user[0m[34m/register[0m
[2021-07-20][15:49:12][rocket::launch_][WARN] [36m([0m[37mremove_user[0m[36m)[0m [32mPOST[0m [4;34m/api/user[0m[34m/remove_user[0m
[2021-07-20][15:49:12][rocket::launch_][WARN] [36m([0m[37mverify_login[0m[36m)[0m [32mGET[0m [4;34m/api/user[0m[34m/verify_login[0m
[2021-07-20][15:49:12][rocket::launch_][WARN] [36m([0m[37mchange_password[0m[36m)[0m [32mPOST[0m [4;34m/api/user[0m[34m/change_password[0m
[2021-07-20][15:49:12][rocket::launch_][WARN] [36m([0m[37mchange_user_role[0m[36m)[0m [32mPOST[0m [4;34m/api/user[0m[34m/change_user_role[0m
[2021-07-20][15:49:12][rocket::launch_][WARN] [36m([0m[37mget_all_users[0m[36m)[0m [32mGET[0m [4;34m/api/user[0m[34m/get_all_users/<page>[0m
[2021-07-20][15:49:12][rocket::launch_][WARN] [36m([0m[37mget_users[0m[36m)[0m [32mGET[0m [4;34m/api/user[0m[34m/get_users/<page>/<filter>[0m
[2021-07-20][15:49:12][rocket::launch_][WARN] [36m([0m[37mupload_report[0m[36m)[0m [32mPOST[0m [4;34m/api/report[0m[34m/upload_report[0m
[2021-07-20][15:49:12][rocket::launch_][WARN] [36m([0m[37mget_reports[0m[36m)[0m [32mGET[0m [4;34m/api/report[0m[34m/get_reports/<page>[0m
[2021-07-20][15:49:12][rocket::launch_][WARN] [36m([0m[37mget_filtered_reports[0m[36m)[0m [32mGET[0m [4;34m/api/report[0m[34m/get_reports/<page>/<uploader_id>[0m
[2021-07-20][15:49:12][rocket::launch_][WARN] [36m([0m[37minit_product[0m[36m)[0m [32mPOST[0m [4;34m/api/product[0m[34m/init_product[0m
[2021-07-20][15:49:12][rocket::launch_][WARN] [36m([0m[37mget_filtered_products[0m[36m)[0m [32mGET[0m [4;34m/api/product[0m[34m/get_products/<page>[0m
[2021-07-20][15:49:12][rocket::launch_][WARN] [36m([0m[37mget_profile[0m[36m)[0m [32mGET[0m [4;34m/api/profile[0m[34m/get_profile/<profile_id>[0m
[2021-07-20][15:49:12][rocket::launch_][WARN] [36m([0m[37msubmit_profile[0m[36m)[0m [32mPOST[0m [4;34m/api/profile[0m[34m/submit_profile/<product_barcode>[0m
[2021-07-20][15:49:12][rocket::launch_][WARN] [36m([0m[37mget_product_digest[0m[36m)[0m [32mGET[0m [4;34m/api/product[0m[34m/get_product_digest/<product_barcode>[0m
[2021-07-20][15:49:12][rocket::launch_][WARN] [36m([0m[37mget_products[0m[36m)[0m [32mGET[0m [4;34m/api/product[0m[34m/get_products/<page>/<filter>[0m
[2021-07-20][15:49:12][rocket::launch][WARN] 👾 [35mCatchers[0m:
[2021-07-20][15:49:12][rocket::launch_][WARN] [36m([0m[37mdefault_error_catcher[0m[36m)[0m [32m/api[0m [34mdefault[0m
[2021-07-20][15:49:12][rocket::launch][WARN] 📡 [35mFairings[0m:
[2021-07-20][15:49:12][rocket::launch_][WARN] [1;49;39m'med_kit' Database Pool[0m ([1;34mignite[0m)
[2021-07-20][15:49:12][rocket::launch_][WARN] [1;49;39mShield[0m ([1;34mliftoff, response, singleton[0m)
[2021-07-20][15:49:12][rocket::launch_][WARN] [1;49;39mCORS policy specifier[0m ([1;34mresponse[0m)
[2021-07-20][15:49:12][rocket::shield::shield][INFO] 🛡️ [35mShield[0m:
[2021-07-20][15:49:12][_][INFO] Permissions-Policy: [49;39minterest-cohort=()[0m
[2021-07-20][15:49:12][_][INFO] X-Content-Type-Options: [49;39mnosniff[0m
[2021-07-20][15:49:12][_][INFO] X-Frame-Options: [49;39mSAMEORIGIN[0m
[2021-07-20][15:49:12][rocket::launch][WARN] 🚀 [1;49;39mRocket has launched from[0m [1;4;49;39mhttp://0.0.0.0:8000[0m
[2021-07-20][15:57:16][rocket::server][WARN] Received SIGINT. Requesting shutdown.
[2021-07-20][15:57:16][rocket::server][INFO] Received shutdown request. Waiting for pending I/O...
[2021-07-20][15:57:19][rocket::launch][WARN] 🔧 Configured for debug.
[2021-07-20][15:57:19][rocket::launch_][WARN] address: [1;49;39m0.0.0.0[0m
[2021-07-20][15:57:19][rocket::launch_][WARN] port: [1;49;39m8000[0m
[2021-07-20][15:57:19][rocket::launch_][WARN] workers: [1;49;39m12[0m
[2021-07-20][15:57:19][rocket::launch_][WARN] ident: [1;49;39mRocket[0m
[2021-07-20][15:57:19][rocket::launch_][WARN] keep-alive: [1;49;39m5s[0m
[2021-07-20][15:57:19][rocket::launch_][WARN] limits: [1;49;39mbytes = 8KiB, data-form = 2MiB, file = 1MiB, form = 32KiB, json = 1MiB, msgpack = 1MiB, string = 8KiB[0m
[2021-07-20][15:57:19][rocket::launch_][WARN] tls: [1;49;39mdisabled[0m
[2021-07-20][15:57:19][rocket::launch_][WARN] temp dir: [1;49;39m/tmp[0m
[2021-07-20][15:57:19][rocket::launch_][WARN] log level: [1;49;39mnormal[0m
[2021-07-20][15:57:19][rocket::launch_][WARN] cli colors: [1;49;39mtrue[0m
[2021-07-20][15:57:19][rocket::launch_][WARN] shutdown: [1;49;39mctrlc = true, force = true, signals = [SIGTERM], grace = 2s, mercy = 3s[0m
[2021-07-20][15:57:19][rocket::launch][WARN] 🛰  [35mRoutes[0m:
[2021-07-20][15:57:19][rocket::launch_][WARN] [36m([0m[37mlogin[0m[36m)[0m [32mPOST[0m [4;34m/api/user[0m[34m/login[0m
[2021-07-20][15:57:19][rocket::launch_][WARN] [36m([0m[37mlogout[0m[36m)[0m [32mGET[0m [4;34m/api/user[0m[34m/logout[0m
[2021-07-20][15:57:19][rocket::launch_][WARN] [36m([0m[37mregister[0m[36m)[0m [32mPOST[0m [4;34m/api/user[0m[34m/register[0m
[2021-07-20][15:57:19][rocket::launch_][WARN] [36m([0m[37mremove_user[0m[36m)[0m [32mPOST[0m [4;34m/api/user[0m[34m/remove_user[0m
[2021-07-20][15:57:19][rocket::launch_][WARN] [36m([0m[37mverify_login[0m[36m)[0m [32mGET[0m [4;34m/api/user[0m[34m/verify_login[0m
[2021-07-20][15:57:19][rocket::launch_][WARN] [36m([0m[37mchange_password[0m[36m)[0m [32mPOST[0m [4;34m/api/user[0m[34m/change_password[0m
[2021-07-20][15:57:19][rocket::launch_][WARN] [36m([0m[37mchange_user_role[0m[36m)[0m [32mPOST[0m [4;34m/api/user[0m[34m/change_user_role[0m
[2021-07-20][15:57:19][rocket::launch_][WARN] [36m([0m[37mget_all_users[0m[36m)[0m [32mGET[0m [4;34m/api/user[0m[34m/get_all_users/<page>[0m
[2021-07-20][15:57:19][rocket::launch_][WARN] [36m([0m[37mget_users[0m[36m)[0m [32mGET[0m [4;34m/api/user[0m[34m/get_users/<page>/<filter>[0m
[2021-07-20][15:57:19][rocket::launch_][WARN] [36m([0m[37mupload_report[0m[36m)[0m [32mPOST[0m [4;34m/api/report[0m[34m/upload_report[0m
[2021-07-20][15:57:19][rocket::launch_][WARN] [36m([0m[37mget_reports[0m[36m)[0m [32mGET[0m [4;34m/api/report[0m[34m/get_reports/<page>[0m
[2021-07-20][15:57:19][rocket::launch_][WARN] [36m([0m[37mget_filtered_reports[0m[36m)[0m [32mGET[0m [4;34m/api/report[0m[34m/get_reports/<page>/<uploader_id>[0m
[2021-07-20][15:57:19][rocket::launch_][WARN] [36m([0m[37minit_product[0m[36m)[0m [32mPOST[0m [4;34m/api/product[0m[34m/init_product[0m
[2021-07-20][15:57:19][rocket::launch_][WARN] [36m([0m[37mget_filtered_products[0m[36m)[0m [32mGET[0m [4;34m/api/product[0m[34m/get_products/<page>[0m
[2021-07-20][15:57:19][rocket::launch_][WARN] [36m([0m[37mget_profile[0m[36m)[0m [32mGET[0m [4;34m/api/profile[0m[34m/get_profile/<profile_id>[0m
[2021-07-20][15:57:19][rocket::launch_][WARN] [36m([0m[37msubmit_profile[0m[36m)[0m [32mPOST[0m [4;34m/api/profile[0m[34m/submit_profile/<product_barcode>[0m
[2021-07-20][15:57:19][rocket::launch_][WARN] [36m([0m[37mget_product_digest[0m[36m)[0m [32mGET[0m [4;34m/api/product[0m[34m/get_product_digest/<product_barcode>[0m
[2021-07-20][15:57:19][rocket::launch_][WARN] [36m([0m[37mget_products[0m[36m)[0m [32mGET[0m [4;34m/api/product[0m[34m/get_products/<page>/<filter>[0m
[2021-07-20][15:57:19][rocket::launch][WARN] 👾 [35mCatchers[0m:
[2021-07-20][15:57:19][rocket::launch_][WARN] [36m([0m[37mdefault_error_catcher[0m[36m)[0m [32m/api[0m [34mdefault[0m
[2021-07-20][15:57:19][rocket::launch][WARN] 📡 [35mFairings[0m:
[2021-07-20][15:57:19][rocket::launch_][WARN] [1;49;39mCORS policy specifier[0m ([1;34mresponse[0m)
[2021-07-20][15:57:19][rocket::launch_][WARN] [1;49;39m'med_kit' Database Pool[0m ([1;34mignite[0m)
[2021-07-20][15:57:19][rocket::launch_][WARN] [1;49;39mShield[0m ([1;34mliftoff, response, singleton[0m)
[2021-07-20][15:57:19][rocket::shield::shield][INFO] 🛡️ [35mShield[0m:
[2021-07-20][15:57:19][_][INFO] X-Content-Type-Options: [49;39mnosniff[0m
[2021-07-20][15:57:19][_][INFO] X-Frame-Options: [49;39mSAMEORIGIN[0m
[2021-07-20][15:57:19][_][INFO] Permissions-Policy: [49;39minterest-cohort=()[0m
[2021-07-20][15:57:19][rocket::launch][WARN] 🚀 [1;49;39mRocket has launched from[0m [1;4;49;39mhttp://0.0.0.0:8000[0m
[2021-07-20][15:57:19][rocket::server][WARN] Received SIGINT. Requesting shutdown.
[2021-07-20][15:57:19][rocket::server][INFO] Received shutdown request. Waiting for pending I/O...
